<?xml version="1.0" encoding="UTF-8"?>
<!-- Generated by org.testng.reporters.JUnitReportReporter -->
<testsuite hostname="DESKTOP-NU4OLLA" failures="0" tests="2" name="testCases.SeleniumTest" time="14.172" errors="0" timestamp="9 Oct 2020 23:23:43 GMT">
  <testcase classname="testCases.SeleniumTest" name="valid_UserCredential" time="13.030"/>
  <testcase classname="testCases.SeleniumTest" name="invalid_UserCredential" time="1.142"/>
</testsuite> <!-- testCases.SeleniumTest -->
